<?xml version="1.0" encoding="UTF-8"?>
<!-- Generated by org.testng.reporters.JUnitReportReporter -->
<testsuite hostname="LAPTOP-IQETN2RT" failures="0" tests="1" name="com.endtoend_prac.Trains" time="39.888" errors="0" timestamp="2023-11-27T16:36:08 IST" skipped="0">
  <testcase classname="com.endtoend_prac.Trains" name="trains" time="39.888"/>
</testsuite> <!-- com.endtoend_prac.Trains -->
